d:\sandbox\git\radiant\sol\release\sol1.res
d:\sandbox\git\radiant\sol\release\iag.exe
d:\sandbox\git\radiant\sol\release\iag.pdb
d:\sandbox\git\radiant\sol\release\iag.ipdb
d:\sandbox\git\radiant\sol\release\iag.iobj
d:\sandbox\git\radiant\sol\release\audio.obj
d:\sandbox\git\radiant\sol\release\debugwindow.obj
d:\sandbox\git\radiant\sol\release\audiotestspace.obj
d:\sandbox\git\radiant\sol\release\radiantspace.obj
d:\sandbox\git\radiant\sol\release\localize.obj
d:\sandbox\git\radiant\sol\release\tiledictionary.obj
d:\sandbox\git\radiant\sol\release\button.obj
d:\sandbox\git\radiant\sol\release\tileparser.obj
d:\sandbox\git\radiant\sol\release\message.obj
d:\sandbox\git\radiant\sol\release\messaging.obj
d:\sandbox\git\radiant\sol\release\creditsspace.obj
d:\sandbox\git\radiant\sol\release\splashspace.obj
d:\sandbox\git\radiant\sol\release\utils.obj
d:\sandbox\git\radiant\sol\release\controller.obj
d:\sandbox\git\radiant\sol\release\texturemanager.obj
d:\sandbox\git\radiant\sol\release\imgui_widgets.obj
d:\sandbox\git\radiant\sol\release\matrix2d.obj
d:\sandbox\git\radiant\sol\release\physics.obj
d:\sandbox\git\radiant\sol\release\mapspace.obj
d:\sandbox\git\radiant\sol\release\engine.obj
d:\sandbox\git\radiant\sol\release\audiomanager.obj
d:\sandbox\git\radiant\sol\release\spriteorder.obj
d:\sandbox\git\radiant\sol\release\digispace.obj
d:\sandbox\git\radiant\sol\release\spacemanager.obj
d:\sandbox\git\radiant\sol\release\trace.obj
d:\sandbox\git\radiant\sol\release\onewaycollider.obj
d:\sandbox\git\radiant\sol\release\gameobjectserialize.obj
d:\sandbox\git\radiant\sol\release\imgui_demo.obj
d:\sandbox\git\radiant\sol\release\imgui_draw.obj
d:\sandbox\git\radiant\sol\release\input.obj
d:\sandbox\git\radiant\sol\release\optionspace.obj
d:\sandbox\git\radiant\sol\release\window.obj
d:\sandbox\git\radiant\sol\release\map.obj
d:\sandbox\git\radiant\sol\release\pscript.obj
d:\sandbox\git\radiant\sol\release\script.obj
d:\sandbox\git\radiant\sol\release\teleporter.obj
d:\sandbox\git\radiant\sol\release\mesh.obj
d:\sandbox\git\radiant\sol\release\sprite.obj
d:\sandbox\git\radiant\sol\release\enginespace.obj
d:\sandbox\git\radiant\sol\release\uispace.obj
d:\sandbox\git\radiant\sol\release\timer.obj
d:\sandbox\git\radiant\sol\release\lightmanager.obj
d:\sandbox\git\radiant\sol\release\paralax.obj
d:\sandbox\git\radiant\sol\release\collider.obj
d:\sandbox\git\radiant\sol\release\meshmanager.obj
d:\sandbox\git\radiant\sol\release\tilemap.obj
d:\sandbox\git\radiant\sol\release\settings.obj
d:\sandbox\git\radiant\sol\release\mainmenuspace.obj
d:\sandbox\git\radiant\sol\release\filereading.obj
d:\sandbox\git\radiant\sol\release\timermanager.obj
d:\sandbox\git\radiant\sol\release\color.obj
d:\sandbox\git\radiant\sol\release\collfix.obj
d:\sandbox\git\radiant\sol\release\fade.obj
d:\sandbox\git\radiant\sol\release\vector2d.obj
d:\sandbox\git\radiant\sol\release\newpuzzle.obj
d:\sandbox\git\radiant\sol\release\playerspace.obj
d:\sandbox\git\radiant\sol\release\heatmap.obj
d:\sandbox\git\radiant\sol\release\wave.obj
d:\sandbox\git\radiant\sol\release\emitter.obj
d:\sandbox\git\radiant\sol\release\render.obj
d:\sandbox\git\radiant\sol\release\imgui_impl_glfw.obj
d:\sandbox\git\radiant\sol\release\transform.obj
d:\sandbox\git\radiant\sol\release\housespace.obj
d:\sandbox\git\radiant\sol\release\spaces.obj
d:\sandbox\git\radiant\sol\release\sysinfo.obj
d:\sandbox\git\radiant\sol\release\lightsource.obj
d:\sandbox\git\radiant\sol\release\mousecollider.obj
d:\sandbox\git\radiant\sol\release\debugdraw.obj
d:\sandbox\git\radiant\sol\release\main.obj
d:\sandbox\git\radiant\sol\release\pausespace.obj
d:\sandbox\git\radiant\sol\release\truetype.obj
d:\sandbox\git\radiant\sol\release\animation.obj
d:\sandbox\git\radiant\sol\release\fontrender.obj
d:\sandbox\git\radiant\sol\release\howtoplay.obj
d:\sandbox\git\radiant\sol\release\winspace.obj
d:\sandbox\git\radiant\sol\release\autoplay.obj
d:\sandbox\git\radiant\sol\release\lightreciever.obj
d:\sandbox\git\radiant\sol\release\multiemitter.obj
d:\sandbox\git\radiant\sol\release\camera.obj
d:\sandbox\git\radiant\sol\release\shader.obj
d:\sandbox\git\radiant\sol\release\imgui.obj
d:\sandbox\git\radiant\sol\release\imgui_impl_opengl3.obj
d:\sandbox\git\radiant\sol\release\layer.obj
d:\sandbox\git\radiant\sol\release\tile.obj
d:\sandbox\git\radiant\sol\release\inputevent.obj
d:\sandbox\git\radiant\sol\release\newpuzzle_r.obj
d:\sandbox\git\radiant\sol\release\poptionspace.obj
d:\sandbox\git\radiant\sol\release\playback.obj
d:\sandbox\git\radiant\sol\release\particle.obj
d:\sandbox\git\radiant\sol\release\vc141.pdb
d:\sandbox\git\radiant\sol\release\flower.obj
d:\sandbox\git\radiant\sol\release\debugpath.obj
d:\sandbox\git\radiant\sol\release\puzzlemanager.obj
d:\sandbox\git\radiant\sol\release\lutegame.obj
d:\sandbox\git\radiant\sol\release\puzzle.obj
d:\sandbox\git\radiant\sol\release\sol.ipdb
d:\sandbox\git\radiant\sol\release\sol.iobj
d:\sandbox\git\radiant\sol\release\sol.pdb
d:\sandbox\git\radiant\sol\release\iag.tlog\cl.read.1.tlog
d:\sandbox\git\radiant\sol\release\iag.tlog\cl.command.1.tlog
d:\sandbox\git\radiant\sol\release\iag.tlog\rc.read.1.tlog
d:\sandbox\git\radiant\sol\release\iag.tlog\rc.write.1.tlog
d:\sandbox\git\radiant\sol\release\iag.tlog\rc.command.1.tlog
d:\sandbox\git\radiant\sol\release\iag.tlog\link.read.1.tlog
d:\sandbox\git\radiant\sol\release\iag.tlog\link.write.1.tlog
d:\sandbox\git\radiant\sol\release\iag.tlog\link.command.1.tlog
d:\sandbox\git\radiant\sol\release\iag.tlog\iag.write.1u.tlog
d:\sandbox\git\radiant\sol\release\iag.tlog\cl.write.1.tlog
