C:\VS2017\Common7\IDE\VC\VCTargets\Microsoft.CppBuild.targets(391,5): warning MSB8028: The intermediate directory (Release\) contains files shared from another project (SoL.vcxproj).  This can lead to incorrect clean and rebuild behavior.
  imgui.cpp
  imgui_demo.cpp
  imgui_draw.cpp
  imgui_impl_glfw.cpp
  imgui_impl_opengl3.cpp
  imgui_widgets.cpp
  DebugWindow.cpp
e:\sandbox\git\radiant\sol\src\graphics\debugwindow.cpp(576): warning C4305: 'argument': truncation from 'double' to 'float'
LINK : warning LNK4098: defaultlib 'LIBCMT' conflicts with use of other libs; use /NODEFAULTLIB:library
  Generating code
  0 of 9235 functions ( 0.0%) were compiled, the rest were copied from previous compilation.
    0 functions were new in current compilation
    0 functions had inline decision re-evaluated but remain unchanged
  Finished generating code
glew32s.lib(glew.obj) : warning LNK4099: PDB 'vc120.pdb' was not found with 'glew32s.lib(glew.obj)' or at 'E:\sandbox\git\radiant\SoL\Release\vc120.pdb'; linking object as if no debug info
  SoL.vcxproj -> E:\sandbox\git\radiant\SoL\Release\iag.exe
  E:\sandbox\git\radiant\SoL\dependancies\fmod.dll
  E:\sandbox\git\radiant\SoL\dependancies\fmodstudio.dll
  E:\sandbox\git\radiant\SoL\dependancies\freetype.dll
  3 File(s) copied
  E:\sandbox\git\radiant\SoL\assets\Overpass-Regular.ttf
  E:\sandbox\git\radiant\SoL\assets\UncialAntiqua-Regular.ttf
  E:\sandbox\git\radiant\SoL\assets\NotoSansJP-Regular.otf
  E:\sandbox\git\radiant\SoL\assets\NotoSansJP-Regular.ttf
  E:\sandbox\git\radiant\SoL\assets\NotoSansKR-Regular.otf
  E:\sandbox\git\radiant\SoL\assets\NotoSansKR-Regular.ttf
  E:\sandbox\git\radiant\SoL\assets\OpenSans-Regular.ttf
  E:\sandbox\git\radiant\SoL\assets\settings.dat
  E:\sandbox\git\radiant\SoL\assets\Radiant_FMOD\GUIDs.txt
  E:\sandbox\git\radiant\SoL\assets\Radiant_FMOD\Desktop\Credits.bank
  E:\sandbox\git\radiant\SoL\assets\Radiant_FMOD\Desktop\Level_1.bank
  E:\sandbox\git\radiant\SoL\assets\Radiant_FMOD\Desktop\Level_2.bank
  E:\sandbox\git\radiant\SoL\assets\Radiant_FMOD\Desktop\Level_3.bank
  E:\sandbox\git\radiant\SoL\assets\Radiant_FMOD\Desktop\General.bank
  E:\sandbox\git\radiant\SoL\assets\Radiant_FMOD\Desktop\Level_4.bank
  E:\sandbox\git\radiant\SoL\assets\Radiant_FMOD\Desktop\Main_Menu.bank
  E:\sandbox\git\radiant\SoL\assets\Radiant_FMOD\Desktop\Stingers.bank
  E:\sandbox\git\radiant\SoL\assets\Radiant_FMOD\Desktop\UI.bank
  E:\sandbox\git\radiant\SoL\assets\Radiant_FMOD\Desktop\FinalScene.bank
  E:\sandbox\git\radiant\SoL\assets\Radiant_FMOD\Desktop\Master Bank.bank
  E:\sandbox\git\radiant\SoL\assets\Radiant_FMOD\Desktop\Master Bank.strings.bank
  E:\sandbox\git\radiant\SoL\assets\Radiant_FMOD\Desktop\Player.bank
  E:\sandbox\git\radiant\SoL\assets\emitters\NewEmitter.json
  E:\sandbox\git\radiant\SoL\assets\emitters\a.json
  E:\sandbox\git\radiant\SoL\assets\emitters\b.json
  E:\sandbox\git\radiant\SoL\assets\emitters\boom.json
  E:\sandbox\git\radiant\SoL\assets\emitters\beacon.json
  E:\sandbox\git\radiant\SoL\assets\emitters\slime.json
  E:\sandbox\git\radiant\SoL\assets\emitters\bigthonk.json
  E:\sandbox\git\radiant\SoL\assets\emitters\dust.json
  E:\sandbox\git\radiant\SoL\assets\emitters\dust2.json
  E:\sandbox\git\radiant\SoL\assets\emitters\twinkle.json
  E:\sandbox\git\radiant\SoL\assets\emitters\lk1.json
  E:\sandbox\git\radiant\SoL\assets\emitters\lk2.json
  E:\sandbox\git\radiant\SoL\assets\emitters\lk3.json
  E:\sandbox\git\radiant\SoL\assets\emitters\lk4.json
  E:\sandbox\git\radiant\SoL\assets\emitters\lk5.json
  E:\sandbox\git\radiant\SoL\assets\emitters\lk6.json
  E:\sandbox\git\radiant\SoL\assets\emitters\sky.json
  E:\sandbox\git\radiant\SoL\assets\emitters\waves.json
  E:\sandbox\git\radiant\SoL\assets\emitters\waves2.json
  E:\sandbox\git\radiant\SoL\assets\emitters\BowlAhead.json
  E:\sandbox\git\radiant\SoL\assets\emitters\Bowlside.json
  E:\sandbox\git\radiant\SoL\assets\emitters\flame1.json
  E:\sandbox\git\radiant\SoL\assets\emitters\flame4.json
  E:\sandbox\git\radiant\SoL\assets\emitters\flame5.json
  E:\sandbox\git\radiant\SoL\assets\emitters\leaves.json
  E:\sandbox\git\radiant\SoL\assets\emitters\TT_walkthroughpart.json
  E:\sandbox\git\radiant\SoL\assets\emitters\TTdust1.json
  E:\sandbox\git\radiant\SoL\assets\emitters\TTdust2.json
  E:\sandbox\git\radiant\SoL\assets\emitters\TTstones.json
  E:\sandbox\git\radiant\SoL\assets\emitters\Transition1.json
  E:\sandbox\git\radiant\SoL\assets\emitters\Transition2.json
  E:\sandbox\git\radiant\SoL\assets\emitters\beacon1.json
  E:\sandbox\git\radiant\SoL\assets\emitters\beacon2.json
  E:\sandbox\git\radiant\SoL\assets\emitters\bf1.json
  E:\sandbox\git\radiant\SoL\assets\emitters\bf2.json
  E:\sandbox\git\radiant\SoL\assets\emitters\tileglow.json
  E:\sandbox\git\radiant\SoL\assets\emitters\LevelFail.json
  E:\sandbox\git\radiant\SoL\assets\emitters\PuzzleAmb.json
  E:\sandbox\git\radiant\SoL\assets\emitters\PuzzleBurst.json
  E:\sandbox\git\radiant\SoL\assets\emitters\Selector.json
  E:\sandbox\git\radiant\SoL\assets\emitters\SelectorMirowed.json
  E:\sandbox\git\radiant\SoL\assets\emitters\BigBowl1.json
  E:\sandbox\git\radiant\SoL\assets\emitters\flame2.json
  E:\sandbox\git\radiant\SoL\assets\emitters\flame3.json
  E:\sandbox\git\radiant\SoL\assets\emitters\sun1.json
  E:\sandbox\git\radiant\SoL\assets\emitters\sun2.json
  E:\sandbox\git\radiant\SoL\assets\emitters\sun3.json
  E:\sandbox\git\radiant\SoL\assets\objects\Stub.json
  E:\sandbox\git\radiant\SoL\assets\objects\background1.json
  E:\sandbox\git\radiant\SoL\assets\objects\background2.json
  E:\sandbox\git\radiant\SoL\assets\objects\grass1.json
  E:\sandbox\git\radiant\SoL\assets\objects\grass2.json
  E:\sandbox\git\radiant\SoL\assets\objects\pause.json
  E:\sandbox\git\radiant\SoL\assets\objects\player.json
  E:\sandbox\git\radiant\SoL\assets\objects\playerLastSave.json
  E:\sandbox\git\radiant\SoL\assets\objects\trees1.json
  E:\sandbox\git\radiant\SoL\assets\objects\trees2.json
  E:\sandbox\git\radiant\SoL\assets\objects\defaultPlayer.json
  E:\sandbox\git\radiant\SoL\assets\resources\SpriteFrame.png
  E:\sandbox\git\radiant\SoL\assets\resources\fmodcredits.png
  E:\sandbox\git\radiant\SoL\assets\resources\numberfont.png
  E:\sandbox\git\radiant\SoL\assets\resources\pause.png
  E:\sandbox\git\radiant\SoL\assets\resources\pause2.png
  E:\sandbox\git\radiant\SoL\assets\resources\splash.png
  E:\sandbox\git\radiant\SoL\assets\resources\staff_UI.png
  E:\sandbox\git\radiant\SoL\assets\resources\winScreen.png
  E:\sandbox\git\radiant\SoL\assets\resources\title.png
  E:\sandbox\git\radiant\SoL\assets\resources\credits.png
  E:\sandbox\git\radiant\SoL\assets\resources\options.png
  E:\sandbox\git\radiant\SoL\assets\resources\play.png
  E:\sandbox\git\radiant\SoL\assets\resources\quit.png
  E:\sandbox\git\radiant\SoL\assets\resources\menu.png
  E:\sandbox\git\radiant\SoL\assets\resources\resume.png
  E:\sandbox\git\radiant\SoL\assets\resources\MenuBackground.png
  E:\sandbox\git\radiant\SoL\assets\resources\teamcredits.png
  E:\sandbox\git\radiant\SoL\assets\resources\LeftRightFade.png
  E:\sandbox\git\radiant\SoL\assets\resources\Radiant.png
  E:\sandbox\git\radiant\SoL\assets\resources\Tower.png
  E:\sandbox\git\radiant\SoL\assets\resources\TreesBG.png
  E:\sandbox\git\radiant\SoL\assets\resources\TreesFG.png
  E:\sandbox\git\radiant\SoL\assets\resources\fade.png
  E:\sandbox\git\radiant\SoL\assets\resources\groundlolxd.png
  E:\sandbox\git\radiant\SoL\assets\resources\icon.ico
  E:\sandbox\git\radiant\SoL\assets\resources\DraftMapv1.png
  E:\sandbox\git\radiant\SoL\assets\resources\box.png
  E:\sandbox\git\radiant\SoL\assets\resources\enginesplash.PNG
  E:\sandbox\git\radiant\SoL\assets\resources\execcredits.PNG
  E:\sandbox\git\radiant\SoL\assets\resources\instructorcredits.PNG
  E:\sandbox\git\radiant\SoL\assets\resources\licensecredits.PNG
  E:\sandbox\git\radiant\SoL\assets\resources\select.png
  E:\sandbox\git\radiant\SoL\assets\resources\soulstare.png
  E:\sandbox\git\radiant\SoL\assets\resources\specialthanks.PNG
  E:\sandbox\git\radiant\SoL\assets\resources\tile_normals.png
  E:\sandbox\git\radiant\SoL\assets\resources\tile_set.png
  E:\sandbox\git\radiant\SoL\assets\resources\titlecredits.png
  E:\sandbox\git\radiant\SoL\assets\resources\tutorial_bowl.png
  E:\sandbox\git\radiant\SoL\assets\resources\tutorial_hint.png
  E:\sandbox\git\radiant\SoL\assets\resources\tutorial_loop.png
  E:\sandbox\git\radiant\SoL\assets\resources\tutorial_move.png
  E:\sandbox\git\radiant\SoL\assets\resources\WinBackground.png
  E:\sandbox\git\radiant\SoL\assets\resources\WinTower.png
  E:\sandbox\git\radiant\SoL\assets\resources\path.txt
  E:\sandbox\git\radiant\SoL\assets\resources\selectedbox.png
  E:\sandbox\git\radiant\SoL\assets\resources\OliveSpriteSheet.png
  E:\sandbox\git\radiant\SoL\assets\resources\particle.png
  E:\sandbox\git\radiant\SoL\assets\shaders\Frag_Col.txt
  E:\sandbox\git\radiant\SoL\assets\shaders\Reference.shader
  E:\sandbox\git\radiant\SoL\assets\shaders\Vert_Animated.txt
  E:\sandbox\git\radiant\SoL\assets\shaders\Vert_Default.txt
  E:\sandbox\git\radiant\SoL\assets\shaders\Vert_Solid.txt
  E:\sandbox\git\radiant\SoL\assets\shaders\frag.txt
  E:\sandbox\git\radiant\SoL\assets\shaders\tilelightvertexold.txt
  E:\sandbox\git\radiant\SoL\assets\shaders\Vert_TileLight.txt
  E:\sandbox\git\radiant\SoL\assets\shaders\Frag_Font.txt
  E:\sandbox\git\radiant\SoL\assets\shaders\Vert_Font.txt
  E:\sandbox\git\radiant\SoL\assets\shaders\Frag_Tex.txt
  E:\sandbox\git\radiant\SoL\assets\shaders\Frag_TexColBlend.txt
  E:\sandbox\git\radiant\SoL\assets\shaders\Frag_Sky.txt
  E:\sandbox\git\radiant\SoL\assets\shaders\Frag_TileLight.txt
  E:\sandbox\git\radiant\SoL\assets\rooms\Level\Level_Four.txt
  E:\sandbox\git\radiant\SoL\assets\rooms\Level\Level_One.txt
  E:\sandbox\git\radiant\SoL\assets\rooms\Level\Level_Three.txt
  E:\sandbox\git\radiant\SoL\assets\rooms\Level\Level_Two.txt
  E:\sandbox\git\radiant\SoL\assets\rooms\Level\Level_One.json
  E:\sandbox\git\radiant\SoL\assets\rooms\Level\Level_Three.json
  E:\sandbox\git\radiant\SoL\assets\rooms\Level\Level_Two.json
  E:\sandbox\git\radiant\SoL\assets\rooms\Level\Level_Four.json
  149 File(s) copied
  E:\sandbox\git\radiant\SoL\localization\en_US\LC_MESSAGES\en.mo
  E:\sandbox\git\radiant\SoL\localization\en_US\LC_MESSAGES\messages.po
  E:\sandbox\git\radiant\SoL\localization\ja_JP\LC_MESSAGES\ja.mo
  E:\sandbox\git\radiant\SoL\localization\ja_JP\LC_MESSAGES\messages.po
  E:\sandbox\git\radiant\SoL\localization\ko_KR\LC_MESSAGES\ko.mo
  E:\sandbox\git\radiant\SoL\localization\ko_KR\LC_MESSAGES\messages.po
  E:\sandbox\git\radiant\SoL\localization\de_DE\LC_MESSAGES\de.mo
  E:\sandbox\git\radiant\SoL\localization\de_DE\LC_MESSAGES\messages.po
  E:\sandbox\git\radiant\SoL\localization\es_ES\LC_MESSAGES\es.mo
  E:\sandbox\git\radiant\SoL\localization\es_ES\LC_MESSAGES\messages.po
  E:\sandbox\git\radiant\SoL\localization\ru_RU\LC_MESSAGES\messages.po
  E:\sandbox\git\radiant\SoL\localization\ru_RU\LC_MESSAGES\ru.mo
  12 File(s) copied
